I, [2017-04-19T13:11:36.962286 #7669]  INFO -- default-centos-72: -----> Converging <default-centos-72>...
I, [2017-04-18T14:56:52.837975 #8216]  INFO -- default-centos-72: Preparing files for transfer
I, [2017-04-18T14:56:52.838117 #8216]  INFO -- default-centos-72: Preparing dna.json
I, [2017-04-18T14:56:52.838605 #8216]  INFO -- default-centos-72: Resolving cookbook dependencies with Berkshelf 5.2.0...
I, [2017-04-18T14:56:52.947672 #8216]  INFO -- default-centos-72: Removing non-cookbook files before transfer
I, [2017-04-18T14:56:52.953915 #8216]  INFO -- default-centos-72: Preparing solo.rb
I, [2017-04-18T14:56:53.147320 #8216]  INFO -- default-centos-72: -----> Chef Omnibus installation detected (install only if missing)
I, [2017-04-18T14:56:53.174017 #8216]  INFO -- default-centos-72: Transferring files to <default-centos-72>
I, [2017-04-18T14:56:54.709109 #8216]  INFO -- default-centos-72: Starting Chef Client, version 13.0.118
I, [2017-04-18T14:57:17.282372 #8216]  INFO -- default-centos-72: resolving cookbooks for run list: ["mysql1::default"]
I, [2017-04-18T14:57:17.357479 #8216]  INFO -- default-centos-72: Synchronizing Cookbooks:
I, [2017-04-18T14:57:17.362290 #8216]  INFO -- default-centos-72:   - mysql1 (0.1.3)
I, [2017-04-18T14:57:17.362347 #8216]  INFO -- default-centos-72:   - mysql (8.3.1)
I, [2017-04-18T14:57:17.372958 #8216]  INFO -- default-centos-72: Installing Cookbook Gems:
I, [2017-04-18T14:57:17.373010 #8216]  INFO -- default-centos-72: Compiling Cookbooks...
I, [2017-04-18T14:57:17.397975 #8216]  INFO -- default-centos-72: Converging 3 resources
I, [2017-04-18T14:57:17.398033 #8216]  INFO -- default-centos-72: Recipe: mysql1::default
I, [2017-04-18T14:57:19.562154 #8216]  INFO -- default-centos-72:   * execute[mysql-community-repo] action run
I, [2017-04-18T14:57:19.562205 #8216]  INFO -- default-centos-72:     - execute yum -y install https://dev.mysql.com/get/mysql57-community-release-el7-8.noarch.rpm
I, [2017-04-18T14:57:19.583466 #8216]  INFO -- default-centos-72:   * mysql_service[db_demo] action create
I, [2017-04-18T14:57:19.606576 #8216]  INFO -- default-centos-72:     * mysql_server_installation_package[db_demo] action install
I, [2017-04-18T14:59:20.724956 #8216]  INFO -- default-centos-72:       * yum_package[mysql-community-server] action install
I, [2017-04-18T14:59:20.725416 #8216]  INFO -- default-centos-72:  - install version 5.7.18-1.el7 of package mysql-community-server
I, [2017-04-18T14:59:20.725485 #8216]  INFO -- default-centos-72:       * yum_package[perl-Sys-Hostname-Long] action nothing (skipped due to action :nothing)
I, [2017-04-18T14:59:20.725521 #8216]  INFO -- default-centos-72:       * execute[Initial DB setup script] action nothing (skipped due to action :nothing)
I, [2017-04-18T14:59:20.725568 #8216]  INFO -- default-centos-72:     
I, [2017-04-18T14:59:20.745412 #8216]  INFO -- default-centos-72:     * mysql_service_manager_systemd[db_demo] action create
I, [2017-04-18T14:59:20.745466 #8216]  INFO -- default-centos-72:       * group[mysql] action create (up to date)
I, [2017-04-18T14:59:20.745485 #8216]  INFO -- default-centos-72:       * linux_user[mysql] action create (up to date)
I, [2017-04-18T14:59:20.803505 #8216]  INFO -- default-centos-72:       * service[mysql] action stop (up to date)
I, [2017-04-18T14:59:20.936598 #8216]  INFO -- default-centos-72:       * service[mysql] action disable
I, [2017-04-18T14:59:20.936717 #8216]  INFO -- default-centos-72:  - disable service service[mysql]
I, [2017-04-18T14:59:20.936772 #8216]  INFO -- default-centos-72:       * file[/etc/mysql/my.cnf] action delete (up to date)
I, [2017-04-18T14:59:20.936804 #8216]  INFO -- default-centos-72:       * file[/etc/my.cnf] action delete
I, [2017-04-18T14:59:20.936833 #8216]  INFO -- default-centos-72:  - delete file /etc/my.cnf
I, [2017-04-18T14:59:20.936855 #8216]  INFO -- default-centos-72:       * link[/usr/share/my-default.cnf] action create
I, [2017-04-18T14:59:20.936874 #8216]  INFO -- default-centos-72:  - create symlink at /usr/share/my-default.cnf to /etc/mysql-db_demo/my.cnf
I, [2017-04-18T14:59:20.936944 #8216]  INFO -- default-centos-72:       * directory[/etc/mysql-db_demo] action create
I, [2017-04-18T14:59:20.936965 #8216]  INFO -- default-centos-72:  - create new directory /etc/mysql-db_demo
I, [2017-04-18T14:59:20.936982 #8216]  INFO -- default-centos-72:  - change mode from '' to '0750'
I, [2017-04-18T14:59:20.937520 #8216]  INFO -- default-centos-72:  - change owner from '' to 'mysql'
I, [2017-04-18T14:59:20.994531 #8216]  INFO -- default-centos-72:  - change group from '' to 'mysql'
I, [2017-04-18T14:59:20.994610 #8216]  INFO -- default-centos-72:  - restore selinux security context
I, [2017-04-18T14:59:20.994640 #8216]  INFO -- default-centos-72:       * directory[/etc/mysql-db_demo/conf.d] action create
I, [2017-04-18T14:59:20.994674 #8216]  INFO -- default-centos-72:  - create new directory /etc/mysql-db_demo/conf.d
I, [2017-04-18T14:59:20.994717 #8216]  INFO -- default-centos-72:  - change mode from '' to '0750'
I, [2017-04-18T14:59:20.994738 #8216]  INFO -- default-centos-72:  - change owner from '' to 'mysql'
I, [2017-04-18T14:59:21.017209 #8216]  INFO -- default-centos-72:  - change group from '' to 'mysql'
I, [2017-04-18T14:59:21.017343 #8216]  INFO -- default-centos-72:  - restore selinux security context
I, [2017-04-18T14:59:21.017519 #8216]  INFO -- default-centos-72:       * directory[/var/run/mysql-db_demo] action create
I, [2017-04-18T14:59:21.017573 #8216]  INFO -- default-centos-72:  - create new directory /var/run/mysql-db_demo
I, [2017-04-18T14:59:21.017607 #8216]  INFO -- default-centos-72:  - change mode from '' to '0755'
I, [2017-04-18T14:59:21.017639 #8216]  INFO -- default-centos-72:  - change owner from '' to 'mysql'
I, [2017-04-18T14:59:21.047806 #8216]  INFO -- default-centos-72:  - change group from '' to 'mysql'
I, [2017-04-18T14:59:21.047968 #8216]  INFO -- default-centos-72:  - restore selinux security context
I, [2017-04-18T14:59:21.048051 #8216]  INFO -- default-centos-72:       * directory[/var/log/mysql-db_demo] action create
I, [2017-04-18T14:59:21.050654 #8216]  INFO -- default-centos-72:  - create new directory /var/log/mysql-db_demo
I, [2017-04-18T14:59:21.050733 #8216]  INFO -- default-centos-72:  - change mode from '' to '0750'
I, [2017-04-18T14:59:21.050774 #8216]  INFO -- default-centos-72:  - change owner from '' to 'mysql'
I, [2017-04-18T14:59:21.073968 #8216]  INFO -- default-centos-72:  - change group from '' to 'mysql'
I, [2017-04-18T14:59:21.074038 #8216]  INFO -- default-centos-72:  - restore selinux security context
I, [2017-04-18T14:59:21.074076 #8216]  INFO -- default-centos-72:       * directory[/var/lib/mysql-db_demo] action create
I, [2017-04-18T14:59:21.074117 #8216]  INFO -- default-centos-72:  - create new directory /var/lib/mysql-db_demo
I, [2017-04-18T14:59:21.074138 #8216]  INFO -- default-centos-72:  - change mode from '' to '0750'
I, [2017-04-18T14:59:21.074157 #8216]  INFO -- default-centos-72:  - change owner from '' to 'mysql'
I, [2017-04-18T14:59:21.106934 #8216]  INFO -- default-centos-72:  - change group from '' to 'mysql'
I, [2017-04-18T14:59:21.106999 #8216]  INFO -- default-centos-72:  - restore selinux security context
I, [2017-04-18T14:59:21.107022 #8216]  INFO -- default-centos-72:       * template[/etc/mysql-db_demo/my.cnf] action create
I, [2017-04-18T14:59:21.114898 #8216]  INFO -- default-centos-72:  - create new file /etc/mysql-db_demo/my.cnf
I, [2017-04-18T14:59:21.114956 #8216]  INFO -- default-centos-72:  - update content in file /etc/mysql-db_demo/my.cnf from none to 5f2d4a
I, [2017-04-18T14:59:21.114980 #8216]  INFO -- default-centos-72:  --- /etc/mysql-db_demo/my.cnf	2017-04-18 21:59:20.299509500 +0000
I, [2017-04-18T14:59:21.115002 #8216]  INFO -- default-centos-72:  +++ /etc/mysql-db_demo/.chef-my20170418-12606-1d5x1dl.cnf	2017-04-18 21:59:20.298508999 +0000
I, [2017-04-18T14:59:21.115022 #8216]  INFO -- default-centos-72:  @@ -1 +1,22 @@
I, [2017-04-18T14:59:21.115125 #8216]  INFO -- default-centos-72:  +# Chef generated my.cnf for instance mysql-db_demo
I, [2017-04-18T14:59:21.115144 #8216]  INFO -- default-centos-72:  +
I, [2017-04-18T14:59:21.115176 #8216]  INFO -- default-centos-72:  +[client]
I, [2017-04-18T14:59:21.115195 #8216]  INFO -- default-centos-72:  +default-character-set          = utf8
I, [2017-04-18T14:59:21.115228 #8216]  INFO -- default-centos-72:  +port                           = 3306
I, [2017-04-18T14:59:21.115256 #8216]  INFO -- default-centos-72:  +socket                         = /var/run/mysql-db_demo/mysqld.sock
I, [2017-04-18T14:59:21.115276 #8216]  INFO -- default-centos-72:  +
I, [2017-04-18T14:59:21.115292 #8216]  INFO -- default-centos-72:  +[mysql]
I, [2017-04-18T14:59:21.115309 #8216]  INFO -- default-centos-72:  +default-character-set          = utf8
I, [2017-04-18T14:59:21.115326 #8216]  INFO -- default-centos-72:  +
I, [2017-04-18T14:59:21.115451 #8216]  INFO -- default-centos-72:  +[mysqld]
I, [2017-04-18T14:59:21.115472 #8216]  INFO -- default-centos-72:  +user                           = mysql
I, [2017-04-18T14:59:21.115491 #8216]  INFO -- default-centos-72:  +pid-file                       = /var/run/mysql-db_demo/mysqld.pid
I, [2017-04-18T14:59:21.115510 #8216]  INFO -- default-centos-72:  +socket                         = /var/run/mysql-db_demo/mysqld.sock
I, [2017-04-18T14:59:21.115531 #8216]  INFO -- default-centos-72:  +port                           = 3306
I, [2017-04-18T14:59:21.115548 #8216]  INFO -- default-centos-72:  +datadir                        = /var/lib/mysql-db_demo
I, [2017-04-18T14:59:21.115568 #8216]  INFO -- default-centos-72:  +log-error                      = /var/log/mysql-db_demo/error.log
I, [2017-04-18T14:59:21.115585 #8216]  INFO -- default-centos-72:  +!includedir /etc/mysql-db_demo/conf.d
I, [2017-04-18T14:59:21.115600 #8216]  INFO -- default-centos-72:  +
I, [2017-04-18T14:59:21.115617 #8216]  INFO -- default-centos-72:  +[mysqld_safe]
I, [2017-04-18T14:59:21.115635 #8216]  INFO -- default-centos-72:  +socket                         = /var/run/mysql-db_demo/mysqld.sock
I, [2017-04-18T14:59:21.115710 #8216]  INFO -- default-centos-72:  - change mode from '' to '0600'
I, [2017-04-18T14:59:21.115727 #8216]  INFO -- default-centos-72:  - change owner from '' to 'mysql'
I, [2017-04-18T14:59:21.137150 #8216]  INFO -- default-centos-72:  - change group from '' to 'mysql'
I, [2017-04-18T14:59:21.137389 #8216]  INFO -- default-centos-72:  - restore selinux security context
I, [2017-04-18T14:59:26.251693 #8216]  INFO -- default-centos-72:       * bash[db_demo initial records] action run
I, [2017-04-18T14:59:26.251769 #8216]  INFO -- default-centos-72:  - execute "bash"  "/tmp/chef-script20170418-12606-6lekxu"
I, [2017-04-18T14:59:26.251803 #8216]  INFO -- default-centos-72:     
I, [2017-04-18T14:59:26.251851 #8216]  INFO -- default-centos-72:   
I, [2017-04-18T14:59:26.251928 #8216]  INFO -- default-centos-72:   * mysql_service[db_demo] action start
I, [2017-04-18T14:59:26.251973 #8216]  INFO -- default-centos-72:     * mysql_service_manager_systemd[db_demo] action start
I, [2017-04-18T14:59:26.252046 #8216]  INFO -- default-centos-72:       * directory[/usr/libexec] action create (up to date)
I, [2017-04-18T14:59:26.258120 #8216]  INFO -- default-centos-72:       * template[/usr/libexec/mysql-db_demo-wait-ready] action create
I, [2017-04-18T14:59:26.258180 #8216]  INFO -- default-centos-72:  - create new file /usr/libexec/mysql-db_demo-wait-ready
I, [2017-04-18T14:59:26.258204 #8216]  INFO -- default-centos-72:  - update content in file /usr/libexec/mysql-db_demo-wait-ready from none to c4b2a2
I, [2017-04-18T14:59:26.258223 #8216]  INFO -- default-centos-72:  --- /usr/libexec/mysql-db_demo-wait-ready	2017-04-18 21:59:25.450083500 +0000
I, [2017-04-18T14:59:26.258240 #8216]  INFO -- default-centos-72:  +++ /usr/libexec/.chef-mysql-db_demo-wait-ready20170418-12606-vml04f	2017-04-18 21:59:25.450083500 +0000
I, [2017-04-18T14:59:26.258258 #8216]  INFO -- default-centos-72:  @@ -1 +1,31 @@
I, [2017-04-18T14:59:26.258274 #8216]  INFO -- default-centos-72:  +#!/bin/sh
I, [2017-04-18T14:59:26.258290 #8216]  INFO -- default-centos-72:  +
I, [2017-04-18T14:59:26.258307 #8216]  INFO -- default-centos-72:  +daemon_pid="$1"
I, [2017-04-18T14:59:26.258335 #8216]  INFO -- default-centos-72:  +
I, [2017-04-18T14:59:26.258429 #8216]  INFO -- default-centos-72:  +# Wait for the server to come up or for the mysqld process to disappear
I, [2017-04-18T14:59:26.258458 #8216]  INFO -- default-centos-72:  +ret=0
I, [2017-04-18T14:59:26.258475 #8216]  INFO -- default-centos-72:  +while /bin/true; do
I, [2017-04-18T14:59:26.258492 #8216]  INFO -- default-centos-72:  +        RESPONSE=`/usr/bin/mysqladmin --no-defaults --socket="/var/run/mysql-db_demo/mysqld.sock" --user=UNKNOWN_MYSQL_USER ping 2>&1`
I, [2017-04-18T14:59:26.258508 #8216]  INFO -- default-centos-72:  +        mret=$?
I, [2017-04-18T14:59:26.258525 #8216]  INFO -- default-centos-72:  +        if [ $mret -eq 0 ]; then
I, [2017-04-18T14:59:26.258541 #8216]  INFO -- default-centos-72:  +            break
I, [2017-04-18T14:59:26.258556 #8216]  INFO -- default-centos-72:  +        fi
I, [2017-04-18T14:59:26.258573 #8216]  INFO -- default-centos-72:  +        # exit codes 1, 11 (EXIT_CANNOT_CONNECT_TO_SERVICE) are expected,
I, [2017-04-18T14:59:26.258680 #8216]  INFO -- default-centos-72:  +        # anything else suggests a configuration error
I, [2017-04-18T14:59:26.258724 #8216]  INFO -- default-centos-72:  +        if [ $mret -ne 1 -a $mret -ne 11 ]; then
I, [2017-04-18T14:59:26.258753 #8216]  INFO -- default-centos-72:  +            ret=1
I, [2017-04-18T14:59:26.258888 #8216]  INFO -- default-centos-72:  +            break
I, [2017-04-18T14:59:26.258906 #8216]  INFO -- default-centos-72:  +        fi
I, [2017-04-18T14:59:26.258923 #8216]  INFO -- default-centos-72:  +        # "Access denied" also means the server is alive
I, [2017-04-18T14:59:26.258941 #8216]  INFO -- default-centos-72:  +        echo "$RESPONSE" | grep -q "Access denied for user" && break
I, [2017-04-18T14:59:26.258957 #8216]  INFO -- default-centos-72:  +
I, [2017-04-18T14:59:26.258973 #8216]  INFO -- default-centos-72:  +        # Check process still exists
I, [2017-04-18T14:59:26.258990 #8216]  INFO -- default-centos-72:  +        if ! /bin/kill -0 $daemon_pid 2>/dev/null; then
I, [2017-04-18T14:59:26.259089 #8216]  INFO -- default-centos-72:  +            ret=1
I, [2017-04-18T14:59:26.259106 #8216]  INFO -- default-centos-72:  +            break
I, [2017-04-18T14:59:26.259122 #8216]  INFO -- default-centos-72:  +        fi
I, [2017-04-18T14:59:26.259138 #8216]  INFO -- default-centos-72:  +        sleep 1
I, [2017-04-18T14:59:26.259153 #8216]  INFO -- default-centos-72:  +done
I, [2017-04-18T14:59:26.259168 #8216]  INFO -- default-centos-72:  +
I, [2017-04-18T14:59:26.259183 #8216]  INFO -- default-centos-72:  +exit $ret
I, [2017-04-18T14:59:26.259199 #8216]  INFO -- default-centos-72:  - change mode from '' to '0755'
I, [2017-04-18T14:59:26.259215 #8216]  INFO -- default-centos-72:  - change owner from '' to 'root'
I, [2017-04-18T14:59:26.283312 #8216]  INFO -- default-centos-72:  - change group from '' to 'root'
I, [2017-04-18T14:59:26.283379 #8216]  INFO -- default-centos-72:  - restore selinux security context
I, [2017-04-18T14:59:26.283400 #8216]  INFO -- default-centos-72:       * template[/etc/systemd/system/mysql-db_demo.service] action create
I, [2017-04-18T14:59:26.283430 #8216]  INFO -- default-centos-72:  - create new file /etc/systemd/system/mysql-db_demo.service
I, [2017-04-18T14:59:26.283449 #8216]  INFO -- default-centos-72:  - update content in file /etc/systemd/system/mysql-db_demo.service from none to a8adec
I, [2017-04-18T14:59:26.283467 #8216]  INFO -- default-centos-72:  --- /etc/systemd/system/mysql-db_demo.service	2017-04-18 21:59:25.475095999 +0000
I, [2017-04-18T14:59:26.283483 #8216]  INFO -- default-centos-72:  +++ /etc/systemd/system/.chef-mysql-db_demo20170418-12606-14vua49.service	2017-04-18 21:59:25.475095999 +0000
I, [2017-04-18T14:59:26.283500 #8216]  INFO -- default-centos-72:  @@ -1 +1,17 @@
I, [2017-04-18T14:59:26.283515 #8216]  INFO -- default-centos-72:  +[Unit]
I, [2017-04-18T14:59:26.283531 #8216]  INFO -- default-centos-72:  +Description=mysql_service[mysql-db_demo]
I, [2017-04-18T14:59:26.283558 #8216]  INFO -- default-centos-72:  +After=syslog.target
I, [2017-04-18T14:59:26.283575 #8216]  INFO -- default-centos-72:  +After=network.target
I, [2017-04-18T14:59:26.283591 #8216]  INFO -- default-centos-72:  +
I, [2017-04-18T14:59:26.283960 #8216]  INFO -- default-centos-72:  +[Service]
I, [2017-04-18T14:59:26.283992 #8216]  INFO -- default-centos-72:  +Type=simple
I, [2017-04-18T14:59:26.284008 #8216]  INFO -- default-centos-72:  +User=mysql
I, [2017-04-18T14:59:26.284023 #8216]  INFO -- default-centos-72:  +Group=mysql
I, [2017-04-18T14:59:26.284039 #8216]  INFO -- default-centos-72:  +ExecStart=/usr/sbin/mysqld --defaults-file=/etc/mysql-db_demo/my.cnf --basedir=/usr
I, [2017-04-18T14:59:26.284056 #8216]  INFO -- default-centos-72:  +ExecStartPost=/usr/libexec/mysql-db_demo-wait-ready $MAINPID
I, [2017-04-18T14:59:26.284072 #8216]  INFO -- default-centos-72:  +TimeoutSec=300
I, [2017-04-18T14:59:26.284091 #8216]  INFO -- default-centos-72:  +PrivateTmp=true
I, [2017-04-18T14:59:26.284108 #8216]  INFO -- default-centos-72:  +
I, [2017-04-18T14:59:26.284123 #8216]  INFO -- default-centos-72:  +[Install]
I, [2017-04-18T14:59:26.284138 #8216]  INFO -- default-centos-72:  +WantedBy=multi-user.target
I, [2017-04-18T14:59:26.284154 #8216]  INFO -- default-centos-72:  - change mode from '' to '0644'
I, [2017-04-18T14:59:26.284422 #8216]  INFO -- default-centos-72:  - change owner from '' to 'root'
I, [2017-04-18T14:59:26.305548 #8216]  INFO -- default-centos-72:  - change group from '' to 'root'
I, [2017-04-18T14:59:26.305666 #8216]  INFO -- default-centos-72:  - restore selinux security context
I, [2017-04-18T14:59:26.401550 #8216]  INFO -- default-centos-72:       * execute[db_demo systemctl daemon-reload] action run
I, [2017-04-18T14:59:26.401614 #8216]  INFO -- default-centos-72:  - execute /bin/systemctl daemon-reload
I, [2017-04-18T14:59:26.401634 #8216]  INFO -- default-centos-72:       * execute[db_demo systemctl daemon-reload] action nothing (skipped due to action :nothing)
I, [2017-04-18T14:59:26.401662 #8216]  INFO -- default-centos-72:       * template[/usr/lib/tmpfiles.d/mysql-db_demo.conf] action create
I, [2017-04-18T14:59:26.401682 #8216]  INFO -- default-centos-72:  - create new file /usr/lib/tmpfiles.d/mysql-db_demo.conf
I, [2017-04-18T14:59:26.401702 #8216]  INFO -- default-centos-72:  - update content in file /usr/lib/tmpfiles.d/mysql-db_demo.conf from none to f85eb2
I, [2017-04-18T14:59:26.401721 #8216]  INFO -- default-centos-72:  --- /usr/lib/tmpfiles.d/mysql-db_demo.conf	2017-04-18 21:59:25.594155500 +0000
I, [2017-04-18T14:59:26.401740 #8216]  INFO -- default-centos-72:  +++ /usr/lib/tmpfiles.d/.chef-mysql-db_demo20170418-12606-1vpvl9g.conf	2017-04-18 21:59:25.594155500 +0000
I, [2017-04-18T14:59:26.402112 #8216]  INFO -- default-centos-72:  @@ -1 +1,2 @@
I, [2017-04-18T14:59:26.402139 #8216]  INFO -- default-centos-72:  +d /var/run/mysql-db_demo 0755 mysql mysql -
I, [2017-04-18T14:59:26.402157 #8216]  INFO -- default-centos-72:  - change mode from '' to '0644'
I, [2017-04-18T14:59:26.402174 #8216]  INFO -- default-centos-72:  - change owner from '' to 'root'
I, [2017-04-18T14:59:26.426560 #8216]  INFO -- default-centos-72:  - change group from '' to 'root'
I, [2017-04-18T14:59:26.426710 #8216]  INFO -- default-centos-72:  - restore selinux security context
I, [2017-04-18T14:59:26.555041 #8216]  INFO -- default-centos-72:       * service[mysql-db_demo] action enable
I, [2017-04-18T14:59:26.555109 #8216]  INFO -- default-centos-72:  - enable service service[mysql-db_demo]
I, [2017-04-18T14:59:27.844862 #8216]  INFO -- default-centos-72:       * service[mysql-db_demo] action start
I, [2017-04-18T14:59:27.845153 #8216]  INFO -- default-centos-72:  - start service service[mysql-db_demo]
I, [2017-04-18T14:59:27.845216 #8216]  INFO -- default-centos-72:     
I, [2017-04-18T14:59:27.845247 #8216]  INFO -- default-centos-72:   
I, [2017-04-18T14:59:27.855818 #8216]  INFO -- default-centos-72:   * mysql_client_installation_package[default] action create
I, [2017-04-18T14:59:31.101512 #8216]  INFO -- default-centos-72:     * yum_package[mysql-community-client, mysql-community-devel] action install
I, [2017-04-18T14:59:31.101587 #8216]  INFO -- default-centos-72:       - install version 5.7.18-1.el7 of package mysql-community-devel
I, [2017-04-18T14:59:31.101666 #8216]  INFO -- default-centos-72:   
I, [2017-04-18T14:59:31.153098 #8216]  INFO -- default-centos-72: 
I, [2017-04-18T14:59:31.153165 #8216]  INFO -- default-centos-72: Running handlers:
I, [2017-04-18T14:59:31.153191 #8216]  INFO -- default-centos-72: Running handlers complete
I, [2017-04-18T14:59:31.153224 #8216]  INFO -- default-centos-72: Chef Client finished, 25/33 resources updated in 02 minutes 36 seconds
I, [2017-04-18T14:59:31.214593 #8216]  INFO -- default-centos-72: Finished converging <default-centos-72> (2m38.36s).
