I, [2017-04-18T12:02:14.852562 #5435]  INFO -- Kitchen: -----> Starting Kitchen (v1.13.2)
I, [2017-04-18T12:02:15.174287 #5435]  INFO -- Kitchen: -----> Creating <default-centos-72>...
I, [2017-04-18T12:03:04.646370 #5435]  INFO -- Kitchen: -----> Converging <default-centos-72>...
E, [2017-04-18T12:04:25.619068 #5435] ERROR -- Kitchen: ------Exception-------
E, [2017-04-18T12:04:25.619325 #5435] ERROR -- Kitchen: Class: Kitchen::ActionFailed
E, [2017-04-18T12:04:25.619370 #5435] ERROR -- Kitchen: Message: 1 actions failed.
>>>>>>     Converge failed on instance <default-centos-72>.  Please see .kitchen/logs/default-centos-72.log for more details
E, [2017-04-18T12:04:25.619458 #5435] ERROR -- Kitchen: ----------------------
E, [2017-04-18T12:04:25.619475 #5435] ERROR -- Kitchen: ------Backtrace-------
E, [2017-04-18T12:04:25.619492 #5435] ERROR -- Kitchen: /opt/chefdk/embedded/lib/ruby/gems/2.3.0/gems/test-kitchen-1.13.2/lib/kitchen/command.rb:187:in `report_errors'
E, [2017-04-18T12:04:25.619509 #5435] ERROR -- Kitchen: /opt/chefdk/embedded/lib/ruby/gems/2.3.0/gems/test-kitchen-1.13.2/lib/kitchen/command.rb:178:in `run_action'
E, [2017-04-18T12:04:25.619525 #5435] ERROR -- Kitchen: /opt/chefdk/embedded/lib/ruby/gems/2.3.0/gems/test-kitchen-1.13.2/lib/kitchen/command/action.rb:39:in `block in call'
E, [2017-04-18T12:04:25.619541 #5435] ERROR -- Kitchen: /opt/chefdk/embedded/lib/ruby/2.3.0/benchmark.rb:293:in `measure'
E, [2017-04-18T12:04:25.619558 #5435] ERROR -- Kitchen: /opt/chefdk/embedded/lib/ruby/gems/2.3.0/gems/test-kitchen-1.13.2/lib/kitchen/command/action.rb:37:in `call'
E, [2017-04-18T12:04:25.619574 #5435] ERROR -- Kitchen: /opt/chefdk/embedded/lib/ruby/gems/2.3.0/gems/test-kitchen-1.13.2/lib/kitchen/cli.rb:56:in `perform'
E, [2017-04-18T12:04:25.619591 #5435] ERROR -- Kitchen: /opt/chefdk/embedded/lib/ruby/gems/2.3.0/gems/test-kitchen-1.13.2/lib/kitchen/cli.rb:186:in `block (2 levels) in <class:CLI>'
E, [2017-04-18T12:04:25.619608 #5435] ERROR -- Kitchen: /opt/chefdk/embedded/lib/ruby/gems/2.3.0/gems/thor-0.19.1/lib/thor/command.rb:27:in `run'
E, [2017-04-18T12:04:25.619625 #5435] ERROR -- Kitchen: /opt/chefdk/embedded/lib/ruby/gems/2.3.0/gems/thor-0.19.1/lib/thor/invocation.rb:126:in `invoke_command'
E, [2017-04-18T12:04:25.619642 #5435] ERROR -- Kitchen: /opt/chefdk/embedded/lib/ruby/gems/2.3.0/gems/test-kitchen-1.13.2/lib/kitchen/cli.rb:334:in `invoke_task'
E, [2017-04-18T12:04:25.619658 #5435] ERROR -- Kitchen: /opt/chefdk/embedded/lib/ruby/gems/2.3.0/gems/thor-0.19.1/lib/thor.rb:359:in `dispatch'
E, [2017-04-18T12:04:25.619675 #5435] ERROR -- Kitchen: /opt/chefdk/embedded/lib/ruby/gems/2.3.0/gems/thor-0.19.1/lib/thor/base.rb:440:in `start'
E, [2017-04-18T12:04:25.619692 #5435] ERROR -- Kitchen: /opt/chefdk/embedded/lib/ruby/gems/2.3.0/gems/test-kitchen-1.13.2/bin/kitchen:13:in `block in <top (required)>'
E, [2017-04-18T12:04:25.619708 #5435] ERROR -- Kitchen: /opt/chefdk/embedded/lib/ruby/gems/2.3.0/gems/test-kitchen-1.13.2/lib/kitchen/errors.rb:174:in `with_friendly_errors'
E, [2017-04-18T12:04:25.619733 #5435] ERROR -- Kitchen: /opt/chefdk/embedded/lib/ruby/gems/2.3.0/gems/test-kitchen-1.13.2/bin/kitchen:13:in `<top (required)>'
E, [2017-04-18T12:04:25.619750 #5435] ERROR -- Kitchen: /usr/local/bin/kitchen:21:in `load'
E, [2017-04-18T12:04:25.619768 #5435] ERROR -- Kitchen: /usr/local/bin/kitchen:21:in `<main>'
E, [2017-04-18T12:04:25.619784 #5435] ERROR -- Kitchen: ----End Backtrace-----
E, [2017-04-18T12:04:25.619800 #5435] ERROR -- Kitchen: -Composite Exception--
E, [2017-04-18T12:04:25.619816 #5435] ERROR -- Kitchen: Class: Kitchen::InstanceFailure
E, [2017-04-18T12:04:25.619832 #5435] ERROR -- Kitchen: Message: Converge failed on instance <default-centos-72>.  Please see .kitchen/logs/default-centos-72.log for more details
E, [2017-04-18T12:04:25.619849 #5435] ERROR -- Kitchen: ----------------------
E, [2017-04-18T12:04:25.619865 #5435] ERROR -- Kitchen: ------Backtrace-------
E, [2017-04-18T12:04:25.619881 #5435] ERROR -- Kitchen: /opt/chefdk/embedded/lib/ruby/gems/2.3.0/gems/test-kitchen-1.13.2/lib/kitchen/provisioner/base.rb:86:in `rescue in call'
E, [2017-04-18T12:04:25.619909 #5435] ERROR -- Kitchen: /opt/chefdk/embedded/lib/ruby/gems/2.3.0/gems/test-kitchen-1.13.2/lib/kitchen/provisioner/base.rb:89:in `call'
E, [2017-04-18T12:04:25.619927 #5435] ERROR -- Kitchen: /opt/chefdk/embedded/lib/ruby/gems/2.3.0/gems/test-kitchen-1.13.2/lib/kitchen/instance.rb:380:in `block in converge_action'
E, [2017-04-18T12:04:25.619943 #5435] ERROR -- Kitchen: /opt/chefdk/embedded/lib/ruby/gems/2.3.0/gems/test-kitchen-1.13.2/lib/kitchen/instance.rb:520:in `synchronize_or_call'
E, [2017-04-18T12:04:25.619959 #5435] ERROR -- Kitchen: /opt/chefdk/embedded/lib/ruby/gems/2.3.0/gems/test-kitchen-1.13.2/lib/kitchen/instance.rb:485:in `block in action'
E, [2017-04-18T12:04:25.619976 #5435] ERROR -- Kitchen: /opt/chefdk/embedded/lib/ruby/2.3.0/benchmark.rb:293:in `measure'
E, [2017-04-18T12:04:25.619992 #5435] ERROR -- Kitchen: /opt/chefdk/embedded/lib/ruby/gems/2.3.0/gems/test-kitchen-1.13.2/lib/kitchen/instance.rb:484:in `action'
E, [2017-04-18T12:04:25.620008 #5435] ERROR -- Kitchen: /opt/chefdk/embedded/lib/ruby/gems/2.3.0/gems/test-kitchen-1.13.2/lib/kitchen/instance.rb:376:in `converge_action'
E, [2017-04-18T12:04:25.620025 #5435] ERROR -- Kitchen: /opt/chefdk/embedded/lib/ruby/gems/2.3.0/gems/test-kitchen-1.13.2/lib/kitchen/instance.rb:355:in `block in transition_to'
E, [2017-04-18T12:04:25.620042 #5435] ERROR -- Kitchen: /opt/chefdk/embedded/lib/ruby/gems/2.3.0/gems/test-kitchen-1.13.2/lib/kitchen/instance.rb:354:in `each'
E, [2017-04-18T12:04:25.620058 #5435] ERROR -- Kitchen: /opt/chefdk/embedded/lib/ruby/gems/2.3.0/gems/test-kitchen-1.13.2/lib/kitchen/instance.rb:354:in `transition_to'
E, [2017-04-18T12:04:25.620074 #5435] ERROR -- Kitchen: /opt/chefdk/embedded/lib/ruby/gems/2.3.0/gems/test-kitchen-1.13.2/lib/kitchen/instance.rb:138:in `converge'
E, [2017-04-18T12:04:25.620090 #5435] ERROR -- Kitchen: /opt/chefdk/embedded/lib/ruby/gems/2.3.0/gems/test-kitchen-1.13.2/lib/kitchen/command.rb:201:in `public_send'
E, [2017-04-18T12:04:25.620107 #5435] ERROR -- Kitchen: /opt/chefdk/embedded/lib/ruby/gems/2.3.0/gems/test-kitchen-1.13.2/lib/kitchen/command.rb:201:in `run_action_in_thread'
E, [2017-04-18T12:04:25.620123 #5435] ERROR -- Kitchen: /opt/chefdk/embedded/lib/ruby/gems/2.3.0/gems/test-kitchen-1.13.2/lib/kitchen/command.rb:173:in `block (2 levels) in run_action'
E, [2017-04-18T12:04:25.620140 #5435] ERROR -- Kitchen: ----End Backtrace-----
E, [2017-04-18T12:04:25.620156 #5435] ERROR -- Kitchen: ---Nested Exception---
E, [2017-04-18T12:04:25.620237 #5435] ERROR -- Kitchen: Class: Kitchen::ActionFailed
E, [2017-04-18T12:04:25.620254 #5435] ERROR -- Kitchen: Message: SSH exited (1) for command: [sh -c '
TEST_KITCHEN="1"; export TEST_KITCHEN
sudo -E /opt/chef/bin/chef-client --local-mode --config /tmp/kitchen/client.rb --log_level auto --force-formatter --no-color --json-attributes /tmp/kitchen/dna.json --chef-zero-port 8889 
']
E, [2017-04-18T12:04:25.620271 #5435] ERROR -- Kitchen: ----------------------
E, [2017-04-18T12:04:25.620288 #5435] ERROR -- Kitchen: ------Backtrace-------
E, [2017-04-18T12:04:25.620303 #5435] ERROR -- Kitchen: /opt/chefdk/embedded/lib/ruby/gems/2.3.0/gems/test-kitchen-1.13.2/lib/kitchen/provisioner/base.rb:86:in `rescue in call'
E, [2017-04-18T12:04:25.620320 #5435] ERROR -- Kitchen: /opt/chefdk/embedded/lib/ruby/gems/2.3.0/gems/test-kitchen-1.13.2/lib/kitchen/provisioner/base.rb:89:in `call'
E, [2017-04-18T12:04:25.620336 #5435] ERROR -- Kitchen: /opt/chefdk/embedded/lib/ruby/gems/2.3.0/gems/test-kitchen-1.13.2/lib/kitchen/instance.rb:380:in `block in converge_action'
E, [2017-04-18T12:04:25.620352 #5435] ERROR -- Kitchen: /opt/chefdk/embedded/lib/ruby/gems/2.3.0/gems/test-kitchen-1.13.2/lib/kitchen/instance.rb:520:in `synchronize_or_call'
E, [2017-04-18T12:04:25.620368 #5435] ERROR -- Kitchen: /opt/chefdk/embedded/lib/ruby/gems/2.3.0/gems/test-kitchen-1.13.2/lib/kitchen/instance.rb:485:in `block in action'
E, [2017-04-18T12:04:25.620385 #5435] ERROR -- Kitchen: /opt/chefdk/embedded/lib/ruby/2.3.0/benchmark.rb:293:in `measure'
E, [2017-04-18T12:04:25.620407 #5435] ERROR -- Kitchen: /opt/chefdk/embedded/lib/ruby/gems/2.3.0/gems/test-kitchen-1.13.2/lib/kitchen/instance.rb:484:in `action'
E, [2017-04-18T12:04:25.620424 #5435] ERROR -- Kitchen: /opt/chefdk/embedded/lib/ruby/gems/2.3.0/gems/test-kitchen-1.13.2/lib/kitchen/instance.rb:376:in `converge_action'
E, [2017-04-18T12:04:25.620441 #5435] ERROR -- Kitchen: /opt/chefdk/embedded/lib/ruby/gems/2.3.0/gems/test-kitchen-1.13.2/lib/kitchen/instance.rb:355:in `block in transition_to'
E, [2017-04-18T12:04:25.620457 #5435] ERROR -- Kitchen: /opt/chefdk/embedded/lib/ruby/gems/2.3.0/gems/test-kitchen-1.13.2/lib/kitchen/instance.rb:354:in `each'
E, [2017-04-18T12:04:25.620473 #5435] ERROR -- Kitchen: /opt/chefdk/embedded/lib/ruby/gems/2.3.0/gems/test-kitchen-1.13.2/lib/kitchen/instance.rb:354:in `transition_to'
E, [2017-04-18T12:04:25.620490 #5435] ERROR -- Kitchen: /opt/chefdk/embedded/lib/ruby/gems/2.3.0/gems/test-kitchen-1.13.2/lib/kitchen/instance.rb:138:in `converge'
E, [2017-04-18T12:04:25.620506 #5435] ERROR -- Kitchen: /opt/chefdk/embedded/lib/ruby/gems/2.3.0/gems/test-kitchen-1.13.2/lib/kitchen/command.rb:201:in `public_send'
E, [2017-04-18T12:04:25.620522 #5435] ERROR -- Kitchen: /opt/chefdk/embedded/lib/ruby/gems/2.3.0/gems/test-kitchen-1.13.2/lib/kitchen/command.rb:201:in `run_action_in_thread'
E, [2017-04-18T12:04:25.620538 #5435] ERROR -- Kitchen: /opt/chefdk/embedded/lib/ruby/gems/2.3.0/gems/test-kitchen-1.13.2/lib/kitchen/command.rb:173:in `block (2 levels) in run_action'
E, [2017-04-18T12:04:25.620554 #5435] ERROR -- Kitchen: ----End Backtrace-----
